<?xml version="1.0" encoding="UTF-8"?>
<testsuite xmlns:xsi="http://www.w3.org/2001/XMLSchema-instance" xsi:noNamespaceSchemaLocation="https://maven.apache.org/surefire/maven-surefire-plugin/xsd/surefire-test-report.xsd" version="3.0.1" name="arifin.ConditionTest" time="0.078" tests="11" errors="0" skipped="5" failures="0">
  <properties>
    <property name="java.specification.version" value="20"/>
    <property name="sun.jnu.encoding" value="UTF-8"/>
    <property name="java.class.path" value="/Users/user/Documents/belajar/java/PZN/java-pzn/belajar-junit/target/test-classes:/Users/user/Documents/belajar/java/PZN/java-pzn/belajar-junit/target/classes:/Users/user/.m2/repository/org/junit/jupiter/junit-jupiter/5.13.0-M2/junit-jupiter-5.13.0-M2.jar:/Users/user/.m2/repository/org/junit/jupiter/junit-jupiter-api/5.11.0/junit-jupiter-api-5.11.0.jar:/Users/user/.m2/repository/org/opentest4j/opentest4j/1.3.0/opentest4j-1.3.0.jar:/Users/user/.m2/repository/org/junit/platform/junit-platform-commons/1.11.0/junit-platform-commons-1.11.0.jar:/Users/user/.m2/repository/org/junit/jupiter/junit-jupiter-engine/5.11.0/junit-jupiter-engine-5.11.0.jar:/Users/user/.m2/repository/org/junit/platform/junit-platform-engine/1.11.0/junit-platform-engine-1.11.0.jar:/Users/user/.m2/repository/org/junit/jupiter/junit-jupiter-params/5.11.0/junit-jupiter-params-5.11.0.jar:/Users/user/.m2/repository/org/apiguardian/apiguardian-api/1.1.2/apiguardian-api-1.1.2.jar:"/>
    <property name="java.vm.vendor" value="Oracle Corporation"/>
    <property name="sun.arch.data.model" value="64"/>
    <property name="java.vendor.url" value="https://java.oracle.com/"/>
    <property name="os.name" value="Mac OS X"/>
    <property name="java.vm.specification.version" value="20"/>
    <property name="sun.java.launcher" value="SUN_STANDARD"/>
    <property name="user.country" value="GB"/>
    <property name="sun.boot.library.path" value="/Users/user/Library/Java/JavaVirtualMachines/openjdk-20/Contents/Home/lib"/>
    <property name="sun.java.command" value="/Users/user/Documents/belajar/java/PZN/java-pzn/belajar-junit/target/surefire/surefirebooter-20250501164652653_3.jar /Users/user/Documents/belajar/java/PZN/java-pzn/belajar-junit/target/surefire 2025-05-01T16-46-52_535-jvmRun1 surefire-20250501164652653_1tmp surefire_0-20250501164652653_2tmp"/>
    <property name="http.nonProxyHosts" value="local|*.local|169.254/16|*.169.254/16"/>
    <property name="jdk.debug" value="release"/>
    <property name="surefire.test.class.path" value="/Users/user/Documents/belajar/java/PZN/java-pzn/belajar-junit/target/test-classes:/Users/user/Documents/belajar/java/PZN/java-pzn/belajar-junit/target/classes:/Users/user/.m2/repository/org/junit/jupiter/junit-jupiter/5.13.0-M2/junit-jupiter-5.13.0-M2.jar:/Users/user/.m2/repository/org/junit/jupiter/junit-jupiter-api/5.11.0/junit-jupiter-api-5.11.0.jar:/Users/user/.m2/repository/org/opentest4j/opentest4j/1.3.0/opentest4j-1.3.0.jar:/Users/user/.m2/repository/org/junit/platform/junit-platform-commons/1.11.0/junit-platform-commons-1.11.0.jar:/Users/user/.m2/repository/org/junit/jupiter/junit-jupiter-engine/5.11.0/junit-jupiter-engine-5.11.0.jar:/Users/user/.m2/repository/org/junit/platform/junit-platform-engine/1.11.0/junit-platform-engine-1.11.0.jar:/Users/user/.m2/repository/org/junit/jupiter/junit-jupiter-params/5.11.0/junit-jupiter-params-5.11.0.jar:/Users/user/.m2/repository/org/apiguardian/apiguardian-api/1.1.2/apiguardian-api-1.1.2.jar:"/>
    <property name="sun.cpu.endian" value="little"/>
    <property name="user.home" value="/Users/user"/>
    <property name="user.language" value="en"/>
    <property name="java.specification.vendor" value="Oracle Corporation"/>
    <property name="java.version.date" value="2023-03-21"/>
    <property name="java.home" value="/Users/user/Library/Java/JavaVirtualMachines/openjdk-20/Contents/Home"/>
    <property name="file.separator" value="/"/>
    <property name="basedir" value="/Users/user/Documents/belajar/java/PZN/java-pzn/belajar-junit"/>
    <property name="java.vm.compressedOopsMode" value="Zero based"/>
    <property name="line.separator" value="&#10;"/>
    <property name="java.vm.specification.vendor" value="Oracle Corporation"/>
    <property name="java.specification.name" value="Java Platform API Specification"/>
    <property name="apple.awt.application.name" value="ForkedBooter"/>
    <property name="surefire.real.class.path" value="/Users/user/Documents/belajar/java/PZN/java-pzn/belajar-junit/target/surefire/surefirebooter-20250501164652653_3.jar"/>
    <property name="sun.management.compiler" value="HotSpot 64-Bit Tiered Compilers"/>
    <property name="ftp.nonProxyHosts" value="local|*.local|169.254/16|*.169.254/16"/>
    <property name="java.runtime.version" value="20+36-2344"/>
    <property name="user.name" value="user"/>
    <property name="stdout.encoding" value="UTF-8"/>
    <property name="path.separator" value=":"/>
    <property name="os.version" value="12.6.6"/>
    <property name="java.runtime.name" value="OpenJDK Runtime Environment"/>
    <property name="file.encoding" value="UTF-8"/>
    <property name="java.vm.name" value="OpenJDK 64-Bit Server VM"/>
    <property name="localRepository" value="/Users/user/.m2/repository"/>
    <property name="java.vendor.url.bug" value="https://bugreport.java.com/bugreport/"/>
    <property name="java.io.tmpdir" value="/var/folders/ml/klcf82kx1bl3b5qzsj7cpdgw0000gn/T/"/>
    <property name="java.version" value="20"/>
    <property name="user.dir" value="/Users/user/Documents/belajar/java/PZN/java-pzn/belajar-junit"/>
    <property name="os.arch" value="x86_64"/>
    <property name="groups" value="integration-test"/>
    <property name="java.vm.specification.name" value="Java Virtual Machine Specification"/>
    <property name="native.encoding" value="UTF-8"/>
    <property name="java.library.path" value="/Users/user/Library/Java/Extensions:/Library/Java/Extensions:/Network/Library/Java/Extensions:/System/Library/Java/Extensions:/usr/lib/java:."/>
    <property name="java.vm.info" value="mixed mode, sharing"/>
    <property name="stderr.encoding" value="UTF-8"/>
    <property name="java.vendor" value="Oracle Corporation"/>
    <property name="java.vm.version" value="20+36-2344"/>
    <property name="sun.io.unicode.encoding" value="UnicodeBig"/>
    <property name="socksNonProxyHosts" value="local|*.local|169.254/16|*.169.254/16"/>
    <property name="java.class.version" value="64.0"/>
  </properties>
  <testcase name="testRunOnlyOnWindows" classname="arifin.ConditionTest" time="0.0">
    <skipped message="Disabled on operating system: Mac OS X"/>
  </testcase>
  <testcase name="testEnabledOnJava11To15" classname="arifin.ConditionTest" time="0.0">
    <skipped message="Disabled on JRE version: 20"/>
  </testcase>
  <testcase name="testDisabledOnJavaVendorOracle" classname="arifin.ConditionTest" time="0.0">
    <skipped message="System property [java.vendor] with value [Oracle Corporation] matches regular expression [Oracle Corporation]"/>
  </testcase>
  <testcase name="testSystemProperties" classname="arifin.ConditionTest" time="0.018">
    <system-out><![CDATA[java.specification.version: 20
sun.jnu.encoding: UTF-8
java.class.path: /Users/user/Documents/belajar/java/PZN/java-pzn/belajar-junit/target/test-classes:/Users/user/Documents/belajar/java/PZN/java-pzn/belajar-junit/target/classes:/Users/user/.m2/repository/org/junit/jupiter/junit-jupiter/5.13.0-M2/junit-jupiter-5.13.0-M2.jar:/Users/user/.m2/repository/org/junit/jupiter/junit-jupiter-api/5.11.0/junit-jupiter-api-5.11.0.jar:/Users/user/.m2/repository/org/opentest4j/opentest4j/1.3.0/opentest4j-1.3.0.jar:/Users/user/.m2/repository/org/junit/platform/junit-platform-commons/1.11.0/junit-platform-commons-1.11.0.jar:/Users/user/.m2/repository/org/junit/jupiter/junit-jupiter-engine/5.11.0/junit-jupiter-engine-5.11.0.jar:/Users/user/.m2/repository/org/junit/platform/junit-platform-engine/1.11.0/junit-platform-engine-1.11.0.jar:/Users/user/.m2/repository/org/junit/jupiter/junit-jupiter-params/5.11.0/junit-jupiter-params-5.11.0.jar:/Users/user/.m2/repository/org/apiguardian/apiguardian-api/1.1.2/apiguardian-api-1.1.2.jar:
java.vm.vendor: Oracle Corporation
sun.arch.data.model: 64
java.vendor.url: https://java.oracle.com/
java.vm.specification.version: 20
os.name: Mac OS X
sun.java.launcher: SUN_STANDARD
user.country: GB
sun.boot.library.path: /Users/user/Library/Java/JavaVirtualMachines/openjdk-20/Contents/Home/lib
sun.java.command: /Users/user/Documents/belajar/java/PZN/java-pzn/belajar-junit/target/surefire/surefirebooter-20250501164652653_3.jar /Users/user/Documents/belajar/java/PZN/java-pzn/belajar-junit/target/surefire 2025-05-01T16-46-52_535-jvmRun1 surefire-20250501164652653_1tmp surefire_0-20250501164652653_2tmp
http.nonProxyHosts: local|*.local|169.254/16|*.169.254/16
jdk.debug: release
surefire.test.class.path: /Users/user/Documents/belajar/java/PZN/java-pzn/belajar-junit/target/test-classes:/Users/user/Documents/belajar/java/PZN/java-pzn/belajar-junit/target/classes:/Users/user/.m2/repository/org/junit/jupiter/junit-jupiter/5.13.0-M2/junit-jupiter-5.13.0-M2.jar:/Users/user/.m2/repository/org/junit/jupiter/junit-jupiter-api/5.11.0/junit-jupiter-api-5.11.0.jar:/Users/user/.m2/repository/org/opentest4j/opentest4j/1.3.0/opentest4j-1.3.0.jar:/Users/user/.m2/repository/org/junit/platform/junit-platform-commons/1.11.0/junit-platform-commons-1.11.0.jar:/Users/user/.m2/repository/org/junit/jupiter/junit-jupiter-engine/5.11.0/junit-jupiter-engine-5.11.0.jar:/Users/user/.m2/repository/org/junit/platform/junit-platform-engine/1.11.0/junit-platform-engine-1.11.0.jar:/Users/user/.m2/repository/org/junit/jupiter/junit-jupiter-params/5.11.0/junit-jupiter-params-5.11.0.jar:/Users/user/.m2/repository/org/apiguardian/apiguardian-api/1.1.2/apiguardian-api-1.1.2.jar:
sun.cpu.endian: little
user.home: /Users/user
user.language: en
java.specification.vendor: Oracle Corporation
java.version.date: 2023-03-21
java.home: /Users/user/Library/Java/JavaVirtualMachines/openjdk-20/Contents/Home
file.separator: /
basedir: /Users/user/Documents/belajar/java/PZN/java-pzn/belajar-junit
java.vm.compressedOopsMode: Zero based
line.separator: 

java.vm.specification.vendor: Oracle Corporation
java.specification.name: Java Platform API Specification
apple.awt.application.name: ForkedBooter
surefire.real.class.path: /Users/user/Documents/belajar/java/PZN/java-pzn/belajar-junit/target/surefire/surefirebooter-20250501164652653_3.jar
sun.management.compiler: HotSpot 64-Bit Tiered Compilers
ftp.nonProxyHosts: local|*.local|169.254/16|*.169.254/16
java.runtime.version: 20+36-2344
user.name: user
stdout.encoding: UTF-8
path.separator: :
os.version: 12.6.6
java.runtime.name: OpenJDK Runtime Environment
file.encoding: UTF-8
java.vm.name: OpenJDK 64-Bit Server VM
localRepository: /Users/user/.m2/repository
java.vendor.url.bug: https://bugreport.java.com/bugreport/
java.io.tmpdir: /var/folders/ml/klcf82kx1bl3b5qzsj7cpdgw0000gn/T/
java.version: 20
user.dir: /Users/user/Documents/belajar/java/PZN/java-pzn/belajar-junit
os.arch: x86_64
groups: integration-test
java.vm.specification.name: Java Virtual Machine Specification
native.encoding: UTF-8
java.library.path: /Users/user/Library/Java/Extensions:/Library/Java/Extensions:/Network/Library/Java/Extensions:/System/Library/Java/Extensions:/usr/lib/java:.
java.vm.info: mixed mode, sharing
stderr.encoding: UTF-8
java.vendor: Oracle Corporation
java.vm.version: 20+36-2344
sun.io.unicode.encoding: UnicodeBig
socksNonProxyHosts: local|*.local|169.254/16|*.169.254/16
java.class.version: 64.0
]]></system-out>
  </testcase>
  <testcase name="testEnabledOnProfileDev" classname="arifin.ConditionTest" time="0.0">
    <skipped message="Environment variable [PROFILE] does not exist"/>
  </testcase>
  <testcase name="testDisabledOnJava8" classname="arifin.ConditionTest" time="0.001"/>
  <testcase name="testDisabledOnWindows" classname="arifin.ConditionTest" time="0.0"/>
  <testcase name="testEnabledOnJavaVendorOracle" classname="arifin.ConditionTest" time="0.001"/>
  <testcase name="testDisabledOnJava11To15" classname="arifin.ConditionTest" time="0.001"/>
  <testcase name="testEnabledOnJava8" classname="arifin.ConditionTest" time="0.0">
    <skipped message="Disabled on JRE version: 20"/>
  </testcase>
  <testcase name="testDisabledOnProfileDev" classname="arifin.ConditionTest" time="0.002"/>
</testsuite>