<?xml version="1.0" encoding="UTF-8"?>
<testsuite xmlns:xsi="http://www.w3.org/2001/XMLSchema-instance" xsi:noNamespaceSchemaLocation="https://maven.apache.org/surefire/maven-surefire-plugin/xsd/surefire-test-report.xsd" version="3.0.1" name="arifin.AppTest" time="0.023" tests="1" errors="0" skipped="0" failures="0">
  <properties>
    <property name="java.specification.version" value="20"/>
    <property name="sun.jnu.encoding" value="UTF-8"/>
    <property name="java.class.path" value="/Users/user/Documents/belajar/java/PZN/java-pzn/belajarMaven/belajar-apache-maven-app/target/test-classes:/Users/user/Documents/belajar/java/PZN/java-pzn/belajarMaven/belajar-apache-maven-app/target/classes:/Users/user/Documents/belajar/java/PZN/java-pzn/belajarMaven/belajar-apache-maven-data/target/belajar-apache-maven-data-1.0-SNAPSHOT.jar:/Users/user/.m2/repository/junit/junit/3.8.1/junit-3.8.1.jar:/Users/user/.m2/repository/com/google/code/gson/gson/2.13.1/gson-2.13.1.jar:/Users/user/.m2/repository/com/google/errorprone/error_prone_annotations/2.38.0/error_prone_annotations-2.38.0.jar:"/>
    <property name="java.vm.vendor" value="Oracle Corporation"/>
    <property name="sun.arch.data.model" value="64"/>
    <property name="java.vendor.url" value="https://java.oracle.com/"/>
    <property name="os.name" value="Mac OS X"/>
    <property name="java.vm.specification.version" value="20"/>
    <property name="sun.java.launcher" value="SUN_STANDARD"/>
    <property name="user.country" value="GB"/>
    <property name="sun.boot.library.path" value="/Users/user/Library/Java/JavaVirtualMachines/openjdk-20/Contents/Home/lib"/>
    <property name="sun.java.command" value="/Users/user/Documents/belajar/java/PZN/java-pzn/belajarMaven/belajar-apache-maven-app/target/surefire/surefirebooter-20250430080936943_3.jar /Users/user/Documents/belajar/java/PZN/java-pzn/belajarMaven/belajar-apache-maven-app/target/surefire 2025-04-30T08-09-35_965-jvmRun1 surefire-20250430080936943_1tmp surefire_0-20250430080936943_2tmp"/>
    <property name="http.nonProxyHosts" value="local|*.local|169.254/16|*.169.254/16"/>
    <property name="jdk.debug" value="release"/>
    <property name="surefire.test.class.path" value="/Users/user/Documents/belajar/java/PZN/java-pzn/belajarMaven/belajar-apache-maven-app/target/test-classes:/Users/user/Documents/belajar/java/PZN/java-pzn/belajarMaven/belajar-apache-maven-app/target/classes:/Users/user/Documents/belajar/java/PZN/java-pzn/belajarMaven/belajar-apache-maven-data/target/belajar-apache-maven-data-1.0-SNAPSHOT.jar:/Users/user/.m2/repository/junit/junit/3.8.1/junit-3.8.1.jar:/Users/user/.m2/repository/com/google/code/gson/gson/2.13.1/gson-2.13.1.jar:/Users/user/.m2/repository/com/google/errorprone/error_prone_annotations/2.38.0/error_prone_annotations-2.38.0.jar:"/>
    <property name="sun.cpu.endian" value="little"/>
    <property name="user.home" value="/Users/user"/>
    <property name="user.language" value="en"/>
    <property name="java.specification.vendor" value="Oracle Corporation"/>
    <property name="java.version.date" value="2023-03-21"/>
    <property name="java.home" value="/Users/user/Library/Java/JavaVirtualMachines/openjdk-20/Contents/Home"/>
    <property name="file.separator" value="/"/>
    <property name="basedir" value="/Users/user/Documents/belajar/java/PZN/java-pzn/belajarMaven/belajar-apache-maven-app"/>
    <property name="java.vm.compressedOopsMode" value="Zero based"/>
    <property name="line.separator" value="&#10;"/>
    <property name="java.vm.specification.vendor" value="Oracle Corporation"/>
    <property name="java.specification.name" value="Java Platform API Specification"/>
    <property name="apple.awt.application.name" value="ForkedBooter"/>
    <property name="surefire.real.class.path" value="/Users/user/Documents/belajar/java/PZN/java-pzn/belajarMaven/belajar-apache-maven-app/target/surefire/surefirebooter-20250430080936943_3.jar"/>
    <property name="sun.management.compiler" value="HotSpot 64-Bit Tiered Compilers"/>
    <property name="ftp.nonProxyHosts" value="local|*.local|169.254/16|*.169.254/16"/>
    <property name="java.runtime.version" value="20+36-2344"/>
    <property name="user.name" value="user"/>
    <property name="stdout.encoding" value="UTF-8"/>
    <property name="path.separator" value=":"/>
    <property name="os.version" value="12.6.6"/>
    <property name="java.runtime.name" value="OpenJDK Runtime Environment"/>
    <property name="file.encoding" value="UTF-8"/>
    <property name="java.vm.name" value="OpenJDK 64-Bit Server VM"/>
    <property name="localRepository" value="/Users/user/.m2/repository"/>
    <property name="java.vendor.url.bug" value="https://bugreport.java.com/bugreport/"/>
    <property name="java.io.tmpdir" value="/var/folders/ml/klcf82kx1bl3b5qzsj7cpdgw0000gn/T/"/>
    <property name="java.version" value="20"/>
    <property name="user.dir" value="/Users/user/Documents/belajar/java/PZN/java-pzn/belajarMaven/belajar-apache-maven-app"/>
    <property name="os.arch" value="x86_64"/>
    <property name="java.vm.specification.name" value="Java Virtual Machine Specification"/>
    <property name="native.encoding" value="UTF-8"/>
    <property name="java.library.path" value="/Users/user/Library/Java/Extensions:/Library/Java/Extensions:/Network/Library/Java/Extensions:/System/Library/Java/Extensions:/usr/lib/java:."/>
    <property name="java.vm.info" value="mixed mode, sharing"/>
    <property name="stderr.encoding" value="UTF-8"/>
    <property name="java.vendor" value="Oracle Corporation"/>
    <property name="java.vm.version" value="20+36-2344"/>
    <property name="sun.io.unicode.encoding" value="UnicodeBig"/>
    <property name="socksNonProxyHosts" value="local|*.local|169.254/16|*.169.254/16"/>
    <property name="java.class.version" value="64.0"/>
  </properties>
  <testcase name="testApp" classname="arifin.AppTest" time="0.003"/>
</testsuite>